<?xml version="1.0" encoding="UTF-8"?>
<testsuite name="edu.csula.storage.servlet.UsersDAOImplTest" tests="3" skipped="0" failures="0" errors="0" timestamp="2018-05-08T20:09:56" hostname="carlos-Inspiron-13-7353" time="0.432">
  <properties/>
  <testcase name="logout" classname="edu.csula.storage.servlet.UsersDAOImplTest" time="0.425"/>
  <testcase name="getAuthenticatedUser" classname="edu.csula.storage.servlet.UsersDAOImplTest" time="0.002"/>
  <testcase name="authenticate" classname="edu.csula.storage.servlet.UsersDAOImplTest" time="0.004"/>
  <system-out><![CDATA[]]></system-out>
  <system-err><![CDATA[]]></system-err>
</testsuite>
